1490103003998	geckodriver	INFO	Listening on 127.0.0.1:64946
1490103006057	mozprofile::profile	INFO	Using profile path C:\Users\DBEA0~1.SOK\AppData\Local\Temp\rust_mozprofile.CNOPQwcnAFDh
1490103006076	geckodriver::marionette	INFO	Starting browser C:\Program Files (x86)\Mozilla Firefox\firefox.exe with args []
1490103006100	geckodriver::marionette	INFO	Connecting to Marionette on localhost:64952
1490103006315	addons.manager	DEBUG	Application has been upgraded
1490103006479	addons.manager	DEBUG	Loaded provider scope for resource://gre/modules/addons/XPIProvider.jsm: ["XPIProvider"]
1490103006483	addons.manager	DEBUG	Loaded provider scope for resource://gre/modules/LightweightThemeManager.jsm: ["LightweightThemeManager"]
1490103006490	addons.manager	DEBUG	Loaded provider scope for resource://gre/modules/addons/GMPProvider.jsm
1490103006494	addons.manager	DEBUG	Loaded provider scope for resource://gre/modules/addons/PluginProvider.jsm
1490103006495	addons.manager	DEBUG	Starting provider: XPIProvider
1490103006496	addons.xpi	DEBUG	startup
1490103006497	addons.xpi	INFO	SystemAddonInstallLocation directory is missing
1490103006498	addons.xpi	INFO	Mapping aushelper@mozilla.org to C:\Program Files (x86)\Mozilla Firefox\browser\features\aushelper@mozilla.org.xpi
1490103006499	addons.xpi	INFO	Mapping e10srollout@mozilla.org to C:\Program Files (x86)\Mozilla Firefox\browser\features\e10srollout@mozilla.org.xpi
1490103006500	addons.xpi	INFO	Mapping firefox@getpocket.com to C:\Program Files (x86)\Mozilla Firefox\browser\features\firefox@getpocket.com.xpi
1490103006500	addons.xpi	INFO	Mapping webcompat@mozilla.org to C:\Program Files (x86)\Mozilla Firefox\browser\features\webcompat@mozilla.org.xpi
1490103006501	addons.xpi	INFO	Mapping {972ce4c6-7e08-4474-a285-3208198ce6fd} to C:\Program Files (x86)\Mozilla Firefox\browser\extensions\{972ce4c6-7e08-4474-a285-3208198ce6fd}.xpi
1490103006502	addons.xpi	DEBUG	checkForChanges
1490103006503	addons.xpi	INFO	SystemAddonInstallLocation directory is missing
1490103006504	addons.xpi	DEBUG	Loaded add-on state from prefs: {}
1490103006505	addons.xpi	DEBUG	New add-on aushelper@mozilla.org in app-system-defaults
1490103006507	addons.xpi	DEBUG	getModTime: Recursive scan of aushelper@mozilla.org
1490103006507	addons.xpi	DEBUG	New add-on e10srollout@mozilla.org in app-system-defaults
1490103006508	addons.xpi	DEBUG	getModTime: Recursive scan of e10srollout@mozilla.org
1490103006509	addons.xpi	DEBUG	New add-on firefox@getpocket.com in app-system-defaults
1490103006510	addons.xpi	DEBUG	getModTime: Recursive scan of firefox@getpocket.com
1490103006510	addons.xpi	DEBUG	New add-on webcompat@mozilla.org in app-system-defaults
1490103006510	addons.xpi	DEBUG	getModTime: Recursive scan of webcompat@mozilla.org
1490103006511	addons.xpi	DEBUG	New add-on {972ce4c6-7e08-4474-a285-3208198ce6fd} in app-global
1490103006511	addons.xpi	DEBUG	getModTime: Recursive scan of {972ce4c6-7e08-4474-a285-3208198ce6fd}
1490103006512	addons.xpi	DEBUG	getInstallState changed: true, state: {"app-system-defaults":{"aushelper@mozilla.org":{"d":"C:\\Program Files (x86)\\Mozilla Firefox\\browser\\features\\aushelper@mozilla.org.xpi","st":1490101310904},"e10srollout@mozilla.org":{"d":"C:\\Program Files (x86)\\Mozilla Firefox\\browser\\features\\e10srollout@mozilla.org.xpi","st":1490101310904},"firefox@getpocket.com":{"d":"C:\\Program Files (x86)\\Mozilla Firefox\\browser\\features\\firefox@getpocket.com.xpi","st":1490101310894},"webcompat@mozilla.org":{"d":"C:\\Program Files (x86)\\Mozilla Firefox\\browser\\features\\webcompat@mozilla.org.xpi","st":1490101310844}},"app-global":{"{972ce4c6-7e08-4474-a285-3208198ce6fd}":{"d":"C:\\Program Files (x86)\\Mozilla Firefox\\browser\\extensions\\{972ce4c6-7e08-4474-a285-3208198ce6fd}.xpi","st":1490101310914}}}
1490103006519	addons.xpi-utils	DEBUG	Opening XPI database C:\Users\DBEA0~1.SOK\AppData\Local\Temp\rust_mozprofile.CNOPQwcnAFDh\extensions.json
1490103006521	addons.xpi-utils	DEBUG	New add-on aushelper@mozilla.org installed in app-system-defaults
*** Blocklist::_loadBlocklistFromFile: blocklist is disabled
1490103006530	DeferredSave.extensions.json	DEBUG	Save changes
1490103006530	addons.xpi-utils	DEBUG	New add-on e10srollout@mozilla.org installed in app-system-defaults
1490103006534	DeferredSave.extensions.json	DEBUG	Starting timer
1490103006535	DeferredSave.extensions.json	DEBUG	Save changes
1490103006535	addons.xpi-utils	DEBUG	New add-on firefox@getpocket.com installed in app-system-defaults
1490103006542	DeferredSave.extensions.json	DEBUG	Save changes
1490103006542	addons.xpi-utils	DEBUG	New add-on webcompat@mozilla.org installed in app-system-defaults
1490103006547	DeferredSave.extensions.json	DEBUG	Save changes
1490103006549	addons.xpi-utils	DEBUG	New add-on {972ce4c6-7e08-4474-a285-3208198ce6fd} installed in app-global
1490103006553	DeferredSave.extensions.json	DEBUG	Save changes
1490103006553	addons.manager	DEBUG	Registering startup change 'installed' for aushelper@mozilla.org
1490103006560	addons.xpi	DEBUG	Loading bootstrap scope from C:\Program Files (x86)\Mozilla Firefox\browser\features\aushelper@mozilla.org.xpi
1490103006564	addons.xpi	DEBUG	Calling bootstrap method install on aushelper@mozilla.org version 2.0
1490103006564	addons.xpi-utils	DEBUG	Make addon app-system-defaults:aushelper@mozilla.org visible
1490103006565	DeferredSave.extensions.json	DEBUG	Save changes
1490103006566	addons.manager	DEBUG	Registering startup change 'installed' for e10srollout@mozilla.org
1490103006566	addons.xpi	DEBUG	Loading bootstrap scope from C:\Program Files (x86)\Mozilla Firefox\browser\features\e10srollout@mozilla.org.xpi
1490103006568	addons.xpi	DEBUG	Calling bootstrap method install on e10srollout@mozilla.org version 1.9
1490103006569	addons.xpi-utils	DEBUG	Make addon app-system-defaults:e10srollout@mozilla.org visible
1490103006570	DeferredSave.extensions.json	DEBUG	Save changes
1490103006570	addons.manager	DEBUG	Registering startup change 'installed' for firefox@getpocket.com
1490103006571	addons.xpi	DEBUG	Loading bootstrap scope from C:\Program Files (x86)\Mozilla Firefox\browser\features\firefox@getpocket.com.xpi
1490103006574	addons.xpi	DEBUG	Calling bootstrap method install on firefox@getpocket.com version 1.0.5
1490103006574	addons.xpi-utils	DEBUG	Make addon app-system-defaults:firefox@getpocket.com visible
1490103006575	DeferredSave.extensions.json	DEBUG	Save changes
1490103006575	addons.manager	DEBUG	Registering startup change 'installed' for webcompat@mozilla.org
1490103006575	addons.xpi	DEBUG	Loading bootstrap scope from C:\Program Files (x86)\Mozilla Firefox\browser\features\webcompat@mozilla.org.xpi
1490103006577	addons.xpi	DEBUG	Calling bootstrap method install on webcompat@mozilla.org version 1.0
1490103006577	addons.xpi-utils	DEBUG	Make addon app-system-defaults:webcompat@mozilla.org visible
1490103006577	DeferredSave.extensions.json	DEBUG	Save changes
1490103006578	addons.xpi-utils	DEBUG	Make addon app-global:{972ce4c6-7e08-4474-a285-3208198ce6fd} visible
1490103006578	DeferredSave.extensions.json	DEBUG	Save changes
1490103006578	addons.xpi	DEBUG	Updating XPIState for {"id":"aushelper@mozilla.org","syncGUID":"{ea68f535-46e8-4d31-ae4a-bdfc91f84525}","location":"app-system-defaults","version":"2.0","type":"extension","internalName":null,"updateURL":null,"updateKey":null,"optionsURL":null,"optionsType":null,"aboutURL":null,"icons":{},"iconURL":null,"icon64URL":null,"defaultLocale":{"name":"Application Update Service Helper","description":"Sets value(s) in the update url based on custom checks.","creator":null,"homepageURL":null},"visible":true,"active":true,"userDisabled":false,"appDisabled":false,"descriptor":"C:\\Program Files (x86)\\Mozilla Firefox\\browser\\features\\aushelper@mozilla.org.xpi","installDate":1490101310904,"updateDate":1490101310904,"applyBackgroundUpdates":1,"bootstrap":true,"skinnable":false,"size":8488,"sourceURI":null,"releaseNotesURI":null,"softDisabled":false,"foreignInstall":false,"hasBinaryComponents":false,"strictCompatibility":false,"locales":[],"targetApplications":[{"id":"{ec8030f7-c20a-464f-9b0e-13a3a9e97384}","minVersion":"52.0.1","maxVersion":"52.*"}],"targetPlatforms":[],"multiprocessCompatible":true,"seen":true,"dependencies":[],"hasEmbeddedWebExtension":false,"mpcOptedOut":false}
1490103006578	addons.xpi	DEBUG	getModTime: Recursive scan of aushelper@mozilla.org
1490103006579	addons.xpi	DEBUG	Updating XPIState for {"id":"e10srollout@mozilla.org","syncGUID":"{dcd6c520-d272-4410-a348-6d9d1cbdc045}","location":"app-system-defaults","version":"1.9","type":"extension","internalName":null,"updateURL":null,"updateKey":null,"optionsURL":null,"optionsType":null,"aboutURL":null,"icons":{},"iconURL":null,"icon64URL":null,"defaultLocale":{"name":"Multi-process staged rollout","description":"Staged rollout of Firefox multi-process feature.","creator":null,"homepageURL":null},"visible":true,"active":true,"userDisabled":false,"appDisabled":false,"descriptor":"C:\\Program Files (x86)\\Mozilla Firefox\\browser\\features\\e10srollout@mozilla.org.xpi","installDate":1490101310904,"updateDate":1490101310904,"applyBackgroundUpdates":1,"bootstrap":true,"skinnable":false,"size":7183,"sourceURI":null,"releaseNotesURI":null,"softDisabled":false,"foreignInstall":false,"hasBinaryComponents":false,"strictCompatibility":false,"locales":[],"targetApplications":[{"id":"{ec8030f7-c20a-464f-9b0e-13a3a9e97384}","minVersion":"52.0.1","maxVersion":"52.*"}],"targetPlatforms":[],"multiprocessCompatible":true,"seen":true,"dependencies":[],"hasEmbeddedWebExtension":false,"mpcOptedOut":false}
1490103006579	addons.xpi	DEBUG	getModTime: Recursive scan of e10srollout@mozilla.org
1490103006579	addons.xpi	DEBUG	Updating XPIState for {"id":"firefox@getpocket.com","syncGUID":"{c188847d-9690-4855-98ac-b1dd3deeca30}","location":"app-system-defaults","version":"1.0.5","type":"extension","internalName":null,"updateURL":null,"updateKey":null,"optionsURL":null,"optionsType":null,"aboutURL":null,"icons":{},"iconURL":null,"icon64URL":null,"defaultLocale":{"name":"Pocket","description":"When you find something you want to view later, put it in Pocket.","creator":null,"homepageURL":null},"visible":true,"active":true,"userDisabled":false,"appDisabled":false,"descriptor":"C:\\Program Files (x86)\\Mozilla Firefox\\browser\\features\\firefox@getpocket.com.xpi","installDate":1490101310894,"updateDate":1490101310894,"applyBackgroundUpdates":1,"bootstrap":true,"skinnable":false,"size":920281,"sourceURI":null,"releaseNotesURI":null,"softDisabled":false,"foreignInstall":false,"hasBinaryComponents":false,"strictCompatibility":false,"locales":[],"targetApplications":[{"id":"{ec8030f7-c20a-464f-9b0e-13a3a9e97384}","minVersion":"52.0.1","maxVersion":"52.*"}],"targetPlatforms":[],"multiprocessCompatible":true,"seen":true,"dependencies":[],"hasEmbeddedWebExtension":false,"mpcOptedOut":false}
1490103006579	addons.xpi	DEBUG	getModTime: Recursive scan of firefox@getpocket.com
1490103006580	addons.xpi	DEBUG	Updating XPIState for {"id":"webcompat@mozilla.org","syncGUID":"{67b6b2d4-683d-4e58-b9ec-7a2421b696cb}","location":"app-system-defaults","version":"1.0","type":"extension","internalName":null,"updateURL":null,"updateKey":null,"optionsURL":null,"optionsType":null,"aboutURL":null,"icons":{},"iconURL":null,"icon64URL":null,"defaultLocale":{"name":"Web Compat","description":"Urgent post-release fixes for web compatibility.","creator":null,"homepageURL":null},"visible":true,"active":true,"userDisabled":false,"appDisabled":false,"descriptor":"C:\\Program Files (x86)\\Mozilla Firefox\\browser\\features\\webcompat@mozilla.org.xpi","installDate":1490101310844,"updateDate":1490101310844,"applyBackgroundUpdates":1,"bootstrap":true,"skinnable":false,"size":1456,"sourceURI":null,"releaseNotesURI":null,"softDisabled":false,"foreignInstall":false,"hasBinaryComponents":false,"strictCompatibility":false,"locales":[],"targetApplications":[{"id":"{ec8030f7-c20a-464f-9b0e-13a3a9e97384}","minVersion":"52.0.1","maxVersion":"52.*"}],"targetPlatforms":[],"multiprocessCompatible":true,"seen":true,"dependencies":[],"hasEmbeddedWebExtension":false,"mpcOptedOut":false}
1490103006580	addons.xpi	DEBUG	getModTime: Recursive scan of webcompat@mozilla.org
1490103006580	addons.xpi	DEBUG	Updating XPIState for {"id":"{972ce4c6-7e08-4474-a285-3208198ce6fd}","syncGUID":"{92c2a730-58b7-401e-bd63-666b180338ef}","location":"app-global","version":"52.0.1","type":"theme","internalName":"classic/1.0","updateURL":null,"updateKey":null,"optionsURL":null,"optionsType":null,"aboutURL":null,"icons":{"32":"icon.png","48":"icon.png"},"iconURL":null,"icon64URL":null,"defaultLocale":{"name":"Default","description":"The default theme.","creator":"Mozilla","homepageURL":null,"contributors":["Mozilla Contributors"]},"visible":true,"active":true,"userDisabled":false,"appDisabled":false,"descriptor":"C:\\Program Files (x86)\\Mozilla Firefox\\browser\\extensions\\{972ce4c6-7e08-4474-a285-3208198ce6fd}.xpi","installDate":1490101310914,"updateDate":1490101310914,"applyBackgroundUpdates":1,"skinnable":true,"size":19587,"sourceURI":null,"releaseNotesURI":null,"softDisabled":false,"foreignInstall":false,"hasBinaryComponents":false,"strictCompatibility":true,"locales":[],"targetApplications":[{"id":"{ec8030f7-c20a-464f-9b0e-13a3a9e97384}","minVersion":"52.0.1","maxVersion":"52.0.1"}],"targetPlatforms":[],"seen":true,"dependencies":[],"hasEmbeddedWebExtension":false}
1490103006580	addons.xpi	DEBUG	getModTime: Recursive scan of {972ce4c6-7e08-4474-a285-3208198ce6fd}
1490103006581	DeferredSave.extensions.json	DEBUG	Save changes
1490103006581	addons.xpi	DEBUG	Updating database with changes to installed add-ons
1490103006581	addons.xpi-utils	DEBUG	Updating add-on states
1490103006583	addons.xpi-utils	DEBUG	Writing add-ons list
1490103006587	addons.xpi	DEBUG	Registering manifest for C:\Program Files (x86)\Mozilla Firefox\browser\features\aushelper@mozilla.org.xpi
1490103006588	addons.xpi	DEBUG	Calling bootstrap method startup on aushelper@mozilla.org version 2.0
1490103006590	addons.xpi	DEBUG	Registering manifest for C:\Program Files (x86)\Mozilla Firefox\browser\features\e10srollout@mozilla.org.xpi
1490103006591	addons.xpi	DEBUG	Calling bootstrap method startup on e10srollout@mozilla.org version 1.9
1490103006591	addons.xpi	DEBUG	Registering manifest for C:\Program Files (x86)\Mozilla Firefox\browser\features\firefox@getpocket.com.xpi
1490103006592	addons.xpi	DEBUG	Calling bootstrap method startup on firefox@getpocket.com version 1.0.5
1490103006593	addons.xpi	DEBUG	Registering manifest for C:\Program Files (x86)\Mozilla Firefox\browser\features\webcompat@mozilla.org.xpi
1490103006593	addons.xpi	DEBUG	Calling bootstrap method startup on webcompat@mozilla.org version 1.0
1490103006595	addons.manager	DEBUG	Registering shutdown blocker for XPIProvider
1490103006596	addons.manager	DEBUG	Provider finished startup: XPIProvider
1490103006596	addons.manager	DEBUG	Starting provider: LightweightThemeManager
1490103006596	addons.manager	DEBUG	Registering shutdown blocker for LightweightThemeManager
1490103006596	addons.manager	DEBUG	Provider finished startup: LightweightThemeManager
1490103006596	addons.manager	DEBUG	Starting provider: GMPProvider
1490103006605	addons.manager	DEBUG	Registering shutdown blocker for GMPProvider
1490103006605	addons.manager	DEBUG	Provider finished startup: GMPProvider
1490103006605	addons.manager	DEBUG	Starting provider: PluginProvider
1490103006605	addons.manager	DEBUG	Registering shutdown blocker for PluginProvider
1490103006606	addons.manager	DEBUG	Provider finished startup: PluginProvider
1490103006606	addons.manager	DEBUG	Completed startup sequence
1490103007126	Marionette	INFO	Listening on port 64952
1490103008259	addons.manager	DEBUG	Starting provider: <unnamed-provider>
1490103008260	addons.manager	DEBUG	Registering shutdown blocker for <unnamed-provider>
1490103008260	addons.manager	DEBUG	Provider finished startup: <unnamed-provider>
1490103008283	addons.manager	DEBUG	Starting provider: PreviousExperimentProvider
1490103008283	addons.manager	DEBUG	Registering shutdown blocker for PreviousExperimentProvider
1490103008283	addons.manager	DEBUG	Provider finished startup: PreviousExperimentProvider
1490103008286	DeferredSave.extensions.json	DEBUG	Starting write
1490103008334	Marionette	WARN	TLS certificate errors will be ignored for this session
1490103008647	DeferredSave.extensions.json	DEBUG	Write succeeded
1490103008648	addons.xpi-utils	DEBUG	XPI Database saved, setting schema version preference to 19
JavaScript error: chrome://marionette/content/listener.js, line 1060: NS_ERROR_FAILURE: Component returned failure code: 0x80004005 (NS_ERROR_FAILURE) [nsIWebProgress.removeProgressListener]
JavaScript error: , line 0: uncaught exception: Timed out on waiting message
1490103026199	Marionette	INFO	New connections will no longer be accepted
[Child 5228] ###!!! ABORT: Aborting on channel error.: file c:/builds/moz2_slave/m-rel-w32-00000000000000000000/build/src/ipc/glue/MessageChannel.cpp, line 2143
